TN:
SF:src\index.js
FN:71,(anonymous_0)
FN:77,(anonymous_1)
FN:87,(anonymous_2)
FN:88,(anonymous_3)
FN:94,(anonymous_4)
FNF:5
FNH:0
FNDA:0,(anonymous_0)
FNDA:0,(anonymous_1)
FNDA:0,(anonymous_2)
FNDA:0,(anonymous_3)
FNDA:0,(anonymous_4)
DA:46,10
DA:50,10
DA:53,10
DA:56,10
DA:57,10
DA:58,10
DA:59,10
DA:60,10
DA:61,10
DA:62,10
DA:63,10
DA:64,10
DA:66,10
DA:67,10
DA:71,10
DA:77,10
DA:78,0
DA:79,0
DA:82,10
DA:86,10
DA:88,0
DA:89,0
DA:91,0
DA:95,0
DA:96,0
LF:25
LH:18
BRDA:50,0,0,10
BRDA:50,0,1,10
BRDA:82,1,0,10
BRDA:82,1,1,0
BRF:4
BRH:3
end_of_record
TN:
SF:src\config\anthropic.js
FNF:0
FNH:0
DA:11,10
LF:1
LH:1
BRF:0
BRH:0
end_of_record
TN:
SF:src\config\cloudinary.js
FNF:0
FNH:0
DA:9,10
LF:1
LH:1
BRF:0
BRH:0
end_of_record
TN:
SF:src\controllers\aiController.js
FN:45,(anonymous_0)
FN:111,(anonymous_1)
FN:168,(anonymous_2)
FN:210,(anonymous_3)
FN:213,(anonymous_4)
FN:244,(anonymous_5)
FN:287,(anonymous_6)
FN:337,(anonymous_7)
FN:349,(anonymous_8)
FN:370,(anonymous_9)
FN:388,(anonymous_10)
FNF:11
FNH:0
FNDA:0,(anonymous_0)
FNDA:0,(anonymous_1)
FNDA:0,(anonymous_2)
FNDA:0,(anonymous_3)
FNDA:0,(anonymous_4)
FNDA:0,(anonymous_5)
FNDA:0,(anonymous_6)
FNDA:0,(anonymous_7)
FNDA:0,(anonymous_8)
FNDA:0,(anonymous_9)
FNDA:0,(anonymous_10)
DA:45,10
DA:46,0
DA:49,0
DA:50,0
DA:51,0
DA:53,0
DA:55,0
DA:69,0
DA:70,0
DA:71,0
DA:76,0
DA:77,0
DA:84,0
DA:85,0
DA:88,0
DA:89,0
DA:111,10
DA:112,0
DA:113,0
DA:114,0
DA:117,0
DA:121,0
DA:134,0
DA:137,0
DA:139,0
DA:141,0
DA:168,10
DA:169,0
DA:171,0
DA:172,0
DA:173,0
DA:175,0
DA:176,0
DA:177,0
DA:182,0
DA:199,0
DA:200,0
DA:201,0
DA:202,0
DA:203,0
DA:209,0
DA:210,0
DA:211,0
DA:213,0
DA:215,0
DA:219,0
DA:220,0
DA:221,0
DA:223,0
DA:224,0
DA:244,10
DA:245,0
DA:246,0
DA:248,0
DA:262,0
DA:263,0
DA:265,0
DA:287,10
DA:288,0
DA:289,0
DA:291,0
DA:304,0
DA:305,0
DA:307,0
DA:337,10
DA:338,0
DA:339,0
DA:342,0
DA:349,0
DA:354,0
DA:361,0
DA:362,0
DA:369,0
DA:370,0
DA:374,0
DA:388,0
DA:389,0
DA:391,0
LF:78
LH:6
BRDA:70,0,0,0
BRDA:70,0,1,0
BRDA:70,1,0,0
BRDA:70,1,1,0
BRDA:76,2,0,0
BRDA:76,2,1,0
BRDA:114,3,0,0
BRDA:114,3,1,0
BRDA:193,4,0,0
BRDA:193,4,1,0
BRDA:201,5,0,0
BRDA:201,5,1,0
BRDA:201,6,0,0
BRDA:201,6,1,0
BRDA:213,7,0,0
BRDA:213,7,1,0
BRDA:299,8,0,0
BRDA:299,8,1,0
BRDA:361,9,0,0
BRDA:361,9,1,0
BRF:20
BRH:0
end_of_record
TN:
SF:src\controllers\appointmentController.js
FN:18,(anonymous_0)
FN:37,(anonymous_1)
FN:68,(anonymous_2)
FN:84,(anonymous_3)
FN:101,(anonymous_4)
FNF:5
FNH:5
FNDA:5,(anonymous_0)
FNDA:12,(anonymous_1)
FNDA:4,(anonymous_2)
FNDA:4,(anonymous_3)
FNDA:3,(anonymous_4)
DA:18,11
DA:19,5
DA:20,5
DA:21,3
DA:23,2
DA:37,11
DA:38,12
DA:39,12
DA:40,12
DA:42,12
DA:43,12
DA:44,12
DA:47,12
DA:48,3
DA:49,3
DA:50,3
DA:53,12
DA:58,11
DA:60,1
DA:68,11
DA:69,4
DA:70,4
DA:73,4
DA:74,2
DA:76,0
DA:84,11
DA:85,4
DA:86,4
DA:90,4
DA:91,3
DA:93,0
DA:101,11
DA:102,3
DA:103,3
DA:104,3
DA:105,2
DA:107,0
LF:37
LH:34
BRDA:42,0,0,2
BRDA:42,0,1,10
BRDA:43,1,0,2
BRDA:43,1,1,10
BRDA:44,2,0,2
BRDA:44,2,1,10
BRDA:47,3,0,3
BRDA:47,3,1,9
BRDA:47,4,0,12
BRDA:47,4,1,9
BRDA:49,5,0,3
BRDA:49,5,1,0
BRDA:50,6,0,2
BRDA:50,6,1,1
BRDA:73,7,0,2
BRDA:73,7,1,2
BRDA:90,8,0,1
BRDA:90,8,1,3
BRDA:104,9,0,1
BRDA:104,9,1,2
BRF:20
BRH:19
end_of_record
TN:
SF:src\controllers\authController.js
FN:22,(anonymous_0)
FN:31,(anonymous_1)
FN:55,(anonymous_2)
FN:82,(anonymous_3)
FNF:4
FNH:4
FNDA:6,(anonymous_0)
FNDA:8,(anonymous_1)
FNDA:9,(anonymous_2)
FNDA:2,(anonymous_3)
DA:22,11
DA:23,6
DA:31,11
DA:32,8
DA:33,8
DA:36,8
DA:37,8
DA:41,6
DA:43,4
DA:45,2
DA:55,11
DA:56,9
DA:57,9
DA:61,9
DA:64,8
DA:65,4
DA:69,4
DA:71,2
DA:73,1
DA:82,11
DA:83,2
LF:21
LH:21
BRDA:37,0,0,2
BRDA:37,0,1,6
BRDA:64,1,0,4
BRDA:64,1,1,4
BRDA:64,2,0,8
BRDA:64,2,1,6
BRDA:69,3,0,2
BRDA:69,3,1,2
BRF:8
BRH:8
end_of_record
TN:
SF:src\controllers\dashboardController.js
FN:10,(anonymous_0)
FN:13,(anonymous_1)
FN:107,(anonymous_2)
FN:110,(anonymous_3)
FN:116,(anonymous_4)
FN:120,(anonymous_5)
FN:168,(anonymous_6)
FN:172,(anonymous_7)
FN:194,formatShortDate
FNF:9
FNH:9
FNDA:54,(anonymous_0)
FNDA:34,(anonymous_1)
FNDA:27,(anonymous_2)
FNDA:18,(anonymous_3)
FNDA:9,(anonymous_4)
FNDA:18,(anonymous_5)
FNDA:8,(anonymous_6)
FNDA:16,(anonymous_7)
FNDA:18,formatShortDate
DA:10,11
DA:11,54
DA:13,11
DA:14,34
DA:15,34
DA:16,34
DA:18,34
DA:19,34
DA:20,34
DA:23,34
DA:34,14
DA:96,13
DA:97,13
DA:98,36
DA:99,36
DA:100,18
DA:102,36
DA:104,13
DA:107,27
DA:110,18
DA:116,13
DA:120,18
DA:124,13
DA:138,20
DA:139,12
DA:142,12
DA:168,11
DA:172,16
DA:176,11
DA:186,8
DA:188,2
DA:189,2
DA:195,18
LF:33
LH:33
BRDA:11,0,0,54
BRDA:11,0,1,30
BRDA:11,1,0,30
BRDA:11,1,1,0
BRDA:23,2,0,14
BRDA:23,2,1,20
BRDA:99,3,0,18
BRDA:99,3,1,18
BRDA:102,4,0,36
BRDA:102,4,1,0
BRDA:120,5,0,9
BRDA:120,5,1,0
BRDA:127,6,0,13
BRDA:127,6,1,4
BRDA:128,7,0,14
BRDA:128,7,1,4
BRDA:138,8,0,12
BRDA:138,8,1,8
BRDA:172,9,0,8
BRDA:172,9,1,0
BRF:20
BRH:16
end_of_record
TN:
SF:src\controllers\invoiceController.js
FN:19,(anonymous_0)
FN:33,(anonymous_1)
FN:54,(anonymous_2)
FN:68,(anonymous_3)
FN:86,(anonymous_4)
FNF:5
FNH:5
FNDA:4,(anonymous_0)
FNDA:9,(anonymous_1)
FNDA:5,(anonymous_2)
FNDA:4,(anonymous_3)
FNDA:6,(anonymous_4)
DA:19,11
DA:20,4
DA:21,4
DA:22,3
DA:24,1
DA:33,11
DA:34,9
DA:35,9
DA:36,9
DA:37,9
DA:38,9
DA:40,9
DA:44,8
DA:46,1
DA:54,11
DA:55,5
DA:56,5
DA:57,5
DA:58,3
DA:60,0
DA:68,11
DA:69,4
DA:70,4
DA:74,4
DA:75,3
DA:77,0
DA:86,11
DA:87,6
DA:88,6
DA:93,5
DA:94,3
DA:96,1
LF:32
LH:30
BRDA:37,0,0,2
BRDA:37,0,1,7
BRDA:38,1,0,3
BRDA:38,1,1,6
BRDA:57,2,0,2
BRDA:57,2,1,3
BRDA:74,3,0,1
BRDA:74,3,1,3
BRDA:93,4,0,2
BRDA:93,4,1,3
BRF:10
BRH:10
end_of_record
TN:
SF:src\controllers\labOrderController.js
FN:20,(anonymous_0)
FN:34,(anonymous_1)
FN:57,(anonymous_2)
FN:73,(anonymous_3)
FN:96,(anonymous_4)
FNF:5
FNH:5
FNDA:4,(anonymous_0)
FNDA:10,(anonymous_1)
FNDA:4,(anonymous_2)
FNDA:3,(anonymous_3)
FNDA:7,(anonymous_4)
DA:20,11
DA:21,4
DA:22,4
DA:23,3
DA:25,1
DA:34,11
DA:35,10
DA:36,10
DA:37,10
DA:38,10
DA:39,10
DA:40,10
DA:42,10
DA:47,9
DA:49,1
DA:57,11
DA:58,4
DA:59,4
DA:62,4
DA:63,2
DA:65,0
DA:73,11
DA:74,3
DA:75,3
DA:79,3
DA:80,2
DA:82,0
DA:96,11
DA:97,7
DA:98,7
DA:99,7
DA:108,6
DA:109,4
DA:111,1
LF:34
LH:32
BRDA:38,0,0,3
BRDA:38,0,1,7
BRDA:39,1,0,3
BRDA:39,1,1,7
BRDA:40,2,0,3
BRDA:40,2,1,7
BRDA:62,3,0,2
BRDA:62,3,1,2
BRDA:79,4,0,1
BRDA:79,4,1,2
BRDA:108,5,0,2
BRDA:108,5,1,4
BRF:12
BRH:12
end_of_record
TN:
SF:src\controllers\medicalRecordController.js
FN:20,(anonymous_0)
FN:35,(anonymous_1)
FN:54,(anonymous_2)
FN:71,(anonymous_3)
FNF:4
FNH:4
FNDA:4,(anonymous_0)
FNDA:9,(anonymous_1)
FNDA:6,(anonymous_2)
FNDA:7,(anonymous_3)
DA:20,11
DA:21,4
DA:23,4
DA:24,3
DA:26,1
DA:35,11
DA:36,9
DA:37,9
DA:38,9
DA:40,9
DA:44,8
DA:46,1
DA:54,11
DA:55,6
DA:56,6
DA:59,5
DA:60,3
DA:62,1
DA:71,11
DA:72,7
DA:73,7
DA:77,6
DA:78,4
DA:80,1
LF:24
LH:24
BRDA:38,0,0,2
BRDA:38,0,1,7
BRDA:59,1,0,2
BRDA:59,1,1,3
BRDA:77,2,0,2
BRDA:77,2,1,4
BRF:6
BRH:6
end_of_record
TN:
SF:src\controllers\patientController.js
FN:19,(anonymous_0)
FN:36,(anonymous_1)
FN:63,(anonymous_2)
FN:77,(anonymous_3)
FN:95,(anonymous_4)
FNF:5
FNH:5
FNDA:6,(anonymous_0)
FNDA:8,(anonymous_1)
FNDA:5,(anonymous_2)
FNDA:5,(anonymous_3)
FNDA:5,(anonymous_4)
DA:19,11
DA:20,6
DA:21,6
DA:22,4
DA:24,2
DA:36,11
DA:37,8
DA:38,8
DA:41,8
DA:45,8
DA:51,8
DA:53,7
DA:55,1
DA:63,11
DA:64,5
DA:65,5
DA:66,4
DA:67,2
DA:69,1
DA:77,11
DA:78,5
DA:79,5
DA:83,4
DA:84,2
DA:86,1
DA:95,11
DA:96,5
DA:97,5
DA:98,4
DA:99,2
DA:101,1
LF:31
LH:31
BRDA:38,0,0,8
BRDA:38,1,0,8
BRDA:41,2,0,2
BRDA:41,2,1,6
BRDA:66,3,0,2
BRDA:66,3,1,2
BRDA:83,4,0,2
BRDA:83,4,1,2
BRDA:98,5,0,2
BRDA:98,5,1,2
BRF:10
BRH:10
end_of_record
TN:
SF:src\controllers\prescriptionController.js
FN:19,(anonymous_0)
FN:33,(anonymous_1)
FN:56,(anonymous_2)
FN:72,(anonymous_3)
FN:91,(anonymous_4)
FNF:5
FNH:5
FNDA:4,(anonymous_0)
FNDA:7,(anonymous_1)
FNDA:5,(anonymous_2)
FNDA:3,(anonymous_3)
FNDA:6,(anonymous_4)
DA:19,11
DA:20,4
DA:21,4
DA:22,3
DA:24,1
DA:33,11
DA:34,7
DA:35,7
DA:36,7
DA:37,7
DA:38,7
DA:40,7
DA:45,6
DA:47,1
DA:56,11
DA:57,5
DA:58,5
DA:61,4
DA:62,2
DA:64,1
DA:72,11
DA:73,3
DA:74,3
DA:78,3
DA:79,2
DA:81,0
DA:91,11
DA:92,6
DA:93,6
DA:102,5
DA:103,3
DA:105,1
LF:32
LH:31
BRDA:37,0,0,2
BRDA:37,0,1,5
BRDA:38,1,0,2
BRDA:38,1,1,5
BRDA:61,2,0,2
BRDA:61,2,1,2
BRDA:78,3,0,1
BRDA:78,3,1,2
BRDA:102,4,0,2
BRDA:102,4,1,3
BRF:10
BRH:10
end_of_record
TN:
SF:src\controllers\userController.js
FN:27,(anonymous_0)
FN:60,(anonymous_1)
FNF:2
FNH:2
FNDA:12,(anonymous_0)
FNDA:10,(anonymous_1)
DA:27,11
DA:28,12
DA:30,12
DA:36,12
DA:38,11
DA:40,1
DA:60,11
DA:61,10
DA:62,10
DA:66,10
DA:71,9
DA:73,7
DA:75,1
LF:13
LH:13
BRDA:30,0,0,5
BRDA:30,0,1,7
BRDA:71,1,0,2
BRDA:71,1,1,7
BRF:4
BRH:4
end_of_record
TN:
SF:src\controllers\wardController.js
FN:22,(anonymous_0)
FN:36,(anonymous_1)
FN:51,(anonymous_2)
FN:76,(anonymous_3)
FN:86,(anonymous_4)
FN:123,(anonymous_5)
FN:134,(anonymous_6)
FN:135,(anonymous_7)
FNF:8
FNH:8
FNDA:3,(anonymous_0)
FNDA:6,(anonymous_1)
FNDA:4,(anonymous_2)
FNDA:11,(anonymous_3)
FNDA:15,(anonymous_4)
FNDA:8,(anonymous_5)
FNDA:9,(anonymous_6)
FNDA:3,(anonymous_7)
DA:22,11
DA:23,3
DA:24,3
DA:25,2
DA:27,1
DA:36,11
DA:37,6
DA:38,6
DA:39,6
DA:40,6
DA:41,5
DA:43,1
DA:51,11
DA:52,4
DA:53,4
DA:54,4
DA:55,2
DA:57,0
DA:76,11
DA:77,11
DA:78,11
DA:80,11
DA:81,10
DA:86,15
DA:87,8
DA:90,6
DA:91,3
DA:95,3
DA:96,3
DA:97,3
DA:98,3
DA:100,3
DA:102,1
DA:123,11
DA:124,8
DA:125,8
DA:127,8
DA:128,7
DA:133,6
DA:134,9
DA:135,3
DA:137,8
DA:140,4
DA:141,4
DA:142,4
DA:143,4
DA:145,4
DA:147,1
LF:48
LH:47
BRDA:39,0,0,2
BRDA:39,0,1,4
BRDA:54,1,0,2
BRDA:54,1,1,2
BRDA:81,2,0,2
BRDA:81,2,1,8
BRDA:87,3,0,2
BRDA:87,3,1,6
BRDA:90,4,0,3
BRDA:90,4,1,3
BRDA:128,5,0,1
BRDA:128,5,1,6
BRDA:133,6,0,4
BRDA:133,6,1,2
BRDA:135,7,0,3
BRDA:135,7,1,2
BRDA:137,8,0,2
BRDA:137,8,1,6
BRF:18
BRH:18
end_of_record
TN:
SF:src\middleware\auditMiddleware.js
FN:21,(anonymous_0)
FNF:1
FNH:1
FNDA:120,(anonymous_0)
DA:21,10
DA:22,120
DA:24,120
DA:25,71
DA:33,71
DA:37,120
LF:6
LH:6
BRDA:24,0,0,71
BRDA:24,0,1,49
BRDA:27,1,0,71
BRDA:27,1,1,0
BRDA:28,2,0,71
BRDA:28,2,1,0
BRF:6
BRH:4
end_of_record
TN:
SF:src\middleware\authMiddleware.js
FN:22,(anonymous_0)
FNF:1
FNH:1
FNDA:142,(anonymous_0)
DA:22,10
DA:23,142
DA:26,142
DA:27,10
DA:30,132
DA:31,132
DA:34,132
DA:37,132
DA:39,131
DA:40,0
DA:43,131
DA:45,1
LF:12
LH:11
BRDA:26,0,0,10
BRDA:26,0,1,132
BRDA:39,1,0,0
BRDA:39,1,1,131
BRDA:39,2,0,131
BRDA:39,2,1,131
BRF:6
BRH:5
end_of_record
TN:
SF:src\middleware\rateLimit.js
FN:29,(anonymous_0)
FNF:1
FNH:0
FNDA:0,(anonymous_0)
DA:17,10
DA:29,10
DA:30,0
DA:31,0
DA:32,0
DA:33,0
DA:36,0
DA:37,0
DA:38,0
DA:41,0
DA:44,0
DA:45,0
DA:46,0
DA:47,0
DA:51,0
DA:52,0
DA:56,0
DA:57,0
LF:18
LH:2
BRDA:30,0,0,0
BRDA:30,0,1,0
BRDA:36,1,0,0
BRDA:36,1,1,0
BRDA:44,2,0,0
BRDA:44,2,1,0
BRDA:51,3,0,0
BRDA:51,3,1,0
BRF:8
BRH:0
end_of_record
TN:
SF:src\middleware\roleMiddleware.js
FN:18,(anonymous_0)
FN:23,(anonymous_1)
FN:33,(anonymous_2)
FN:34,(anonymous_3)
FNF:4
FNH:3
FNDA:88,(anonymous_0)
FNDA:0,(anonymous_1)
FNDA:300,(anonymous_2)
FNDA:88,(anonymous_3)
DA:18,10
DA:19,88
DA:20,88
DA:21,31
DA:22,31
DA:23,0
DA:33,10
DA:34,300
DA:35,88
DA:36,31
DA:38,57
LF:11
LH:10
BRDA:19,0,0,0
BRDA:19,0,1,88
BRDA:20,1,0,57
BRDA:20,1,1,31
BRDA:22,2,0,31
BRDA:22,2,1,0
BRDA:22,3,0,31
BRDA:22,3,1,31
BRDA:35,4,0,31
BRDA:35,4,1,57
BRF:10
BRH:8
end_of_record
TN:
SF:src\models\Appointment.js
FNF:0
FNH:0
DA:19,10
LF:1
LH:1
BRF:0
BRH:0
end_of_record
TN:
SF:src\models\Invoice.js
FNF:0
FNH:0
DA:19,10
LF:1
LH:1
BRF:0
BRH:0
end_of_record
TN:
SF:src\models\LabOrder.js
FNF:0
FNH:0
DA:23,10
LF:1
LH:1
BRF:0
BRH:0
end_of_record
TN:
SF:src\models\MedicalRecord.js
FNF:0
FNH:0
DA:16,10
DA:61,10
LF:2
LH:2
BRF:0
BRH:0
end_of_record
TN:
SF:src\models\Patient.js
FNF:0
FNH:0
DA:15,10
LF:1
LH:1
BRF:0
BRH:0
end_of_record
TN:
SF:src\models\Prescription.js
FNF:0
FNH:0
DA:19,10
LF:1
LH:1
BRF:0
BRH:0
end_of_record
TN:
SF:src\models\ProtocolChunk.js
FNF:0
FNH:0
DA:22,10
DA:32,10
LF:2
LH:2
BRF:0
BRH:0
end_of_record
TN:
SF:src\models\User.js
FN:36,(anonymous_0)
FN:38,(anonymous_1)
FN:55,(anonymous_2)
FN:67,(anonymous_3)
FN:76,(anonymous_4)
FNF:5
FNH:5
FNDA:182,(anonymous_0)
FNDA:2,(anonymous_1)
FNDA:181,(anonymous_2)
FNDA:3,(anonymous_3)
FNDA:33,(anonymous_4)
DA:21,10
DA:37,182
DA:38,182
DA:55,10
DA:56,181
DA:57,181
DA:67,10
DA:68,3
DA:76,10
DA:77,33
DA:78,33
DA:79,33
LF:12
LH:12
BRDA:38,0,0,182
BRDA:38,0,1,182
BRDA:56,1,0,0
BRDA:56,1,1,181
BRF:4
BRH:3
end_of_record
TN:
SF:src\models\Ward.js
FNF:0
FNH:0
DA:19,10
LF:1
LH:1
BRF:0
BRH:0
end_of_record
TN:
SF:src\routes\aiRoutes.js
FNF:0
FNH:0
DA:27,10
DA:30,10
DA:32,10
DA:33,10
DA:34,10
DA:35,10
DA:36,10
DA:37,10
LF:8
LH:8
BRF:0
BRH:0
end_of_record
TN:
SF:src\routes\appointmentRoutes.js
FNF:0
FNH:0
DA:27,10
DA:29,10
DA:31,10
DA:35,10
LF:4
LH:4
BRF:0
BRH:0
end_of_record
TN:
SF:src\routes\authRoutes.js
FNF:0
FNH:0
DA:13,10
DA:15,10
DA:16,10
DA:17,10
LF:4
LH:4
BRF:0
BRH:0
end_of_record
TN:
SF:src\routes\dashboardRoutes.js
FNF:0
FNH:0
DA:5,10
DA:7,10
LF:2
LH:2
BRF:0
BRH:0
end_of_record
TN:
SF:src\routes\invoiceRoutes.js
FNF:0
FNH:0
DA:29,10
DA:31,10
DA:33,10
DA:37,10
DA:41,10
LF:5
LH:5
BRF:0
BRH:0
end_of_record
TN:
SF:src\routes\labOrderRoutes.js
FNF:0
FNH:0
DA:29,10
DA:31,10
DA:33,10
DA:37,10
DA:42,10
LF:5
LH:5
BRF:0
BRH:0
end_of_record
TN:
SF:src\routes\medicalRecordRoutes.js
FNF:0
FNH:0
DA:24,10
DA:26,10
DA:28,10
DA:32,10
LF:4
LH:4
BRF:0
BRH:0
end_of_record
TN:
SF:src\routes\patientRoutes.js
FNF:0
FNH:0
DA:27,10
DA:30,10
DA:32,10
DA:36,10
LF:4
LH:4
BRF:0
BRH:0
end_of_record
TN:
SF:src\routes\prescriptionRoutes.js
FNF:0
FNH:0
DA:26,10
DA:28,10
DA:30,10
DA:34,10
DA:39,10
LF:5
LH:5
BRF:0
BRH:0
end_of_record
TN:
SF:src\routes\userRoutes.js
FNF:0
FNH:0
DA:18,10
DA:21,10
DA:25,10
DA:28,10
LF:4
LH:4
BRF:0
BRH:0
end_of_record
TN:
SF:src\routes\wardRoutes.js
FNF:0
FNH:0
DA:38,10
DA:40,10
DA:42,10
DA:47,10
DA:48,10
DA:51,10
LF:6
LH:6
BRF:0
BRH:0
end_of_record
TN:
SF:tests\integration\helpers\auth.js
FN:15,(anonymous_0)
FNF:1
FNH:1
FNDA:173,(anonymous_0)
DA:9,9
DA:15,9
DA:16,173
DA:17,173
DA:24,173
DA:25,173
DA:26,173
DA:27,173
LF:8
LH:8
BRDA:15,0,0,173
BRF:1
BRH:1
end_of_record
TN:
SF:tests\integration\helpers\db.js
FN:12,(anonymous_0)
FN:20,(anonymous_1)
FN:26,(anonymous_2)
FN:28,(anonymous_3)
FNF:4
FNH:4
FNDA:10,(anonymous_0)
FNDA:10,(anonymous_1)
FNDA:149,(anonymous_2)
FNDA:1341,(anonymous_3)
DA:12,10
DA:14,10
DA:16,10
DA:17,10
DA:20,10
DA:21,10
DA:22,10
DA:23,10
DA:26,10
DA:27,149
DA:28,1341
LF:11
LH:11
BRF:0
BRH:0
end_of_record
